<?xml version="1.0" encoding="UTF-8"?>
<!-- Generated by org.testng.reporters.JUnitXMLReporter -->
<testsuite hostname="Muhammads-MBP" ignored="0" name="RegressionTest" tests="4" failures="0" timestamp="2022-11-05T19:50:05 EDT" time="109.875" errors="0">
  <testcase name="shopCatagoryTest01" time="3.75" classname="shop.ShopCatagoryTest"/>
  <testcase name="userTest" time="22.031" classname="registration.RegistrationTest"/>
  <testcase name="aTest" time="66.875" classname="input.InputTest"/>
  <testcase name="dealsOfTheDay" time="2.568" classname="daily.DailyDealsTest"/>
</testsuite> <!-- RegressionTest -->
