<?xml version="1.0" encoding="UTF-8"?>
<!-- Generated by org.testng.reporters.JUnitXMLReporter -->
<testsuite hostname="Muhammads-MBP" ignored="1" name="Default test" tests="7" failures="0" timestamp="2022-11-12T19:37:42 EST" time="22.965" errors="0">
  <testcase name="customerService03" time="0.005" classname="help.HelpAndContactPageTest"/>
  <testcase name="customerService04" time="0.001" classname="help.HelpAndContactPageTest"/>
  <testcase name="customerService05" time="0.002" classname="help.HelpAndContactPageTest"/>
  <testcase name="customerService06" time="0.002" classname="help.HelpAndContactPageTest"/>
  <testcase name="customerService07" time="0.002" classname="help.HelpAndContactPageTest"/>
  <testcase name="customerService01" time="0.002" classname="help.HelpAndContactPageTest"/>
  <testcase name="customerService02" time="0.002" classname="help.HelpAndContactPageTest"/>
  <testcase name="customerService" time="0.0" classname="help.HelpAndContactPageTest">
    <ignored/>
  </testcase> <!-- customerService -->
</testsuite> <!-- Default test -->
