<?xml version="1.0" encoding="UTF-8"?>
<!-- Generated by org.testng.reporters.JUnitXMLReporter -->
<testsuite hostname="Muhammads-MBP" ignored="1" name="Default test" tests="6" failures="0" timestamp="2022-11-12T11:13:46 EST" time="18.499" errors="0">
  <testcase name="customerService03" time="0.009" classname="help.HelpAndContactPageTest"/>
  <testcase name="customerService04" time="0.002" classname="help.HelpAndContactPageTest"/>
  <testcase name="customerService05" time="0.002" classname="help.HelpAndContactPageTest"/>
  <testcase name="customerService06" time="0.006" classname="help.HelpAndContactPageTest"/>
  <testcase name="customerService01" time="0.002" classname="help.HelpAndContactPageTest"/>
  <testcase name="customerService02" time="0.004" classname="help.HelpAndContactPageTest"/>
  <testcase name="customerService" time="0.0" classname="help.HelpAndContactPageTest">
    <ignored/>
  </testcase> <!-- customerService -->
</testsuite> <!-- Default test -->
