<?xml version="1.0" encoding="UTF-8"?>
<!-- Generated by org.testng.reporters.JUnitXMLReporter -->
<testsuite hostname="Muhammads-MBP" ignored="5" name="Test" tests="3" failures="0" timestamp="2022-11-12T19:36:00 EST" time="0.092" errors="0">
  <testcase name="customerService03" time="0.047" classname="help.HelpAndContactPageTest"/>
  <testcase name="customerService05" time="0.003" classname="help.HelpAndContactPageTest"/>
  <testcase name="customerService06" time="0.001" classname="help.HelpAndContactPageTest"/>
  <testcase name="customerService07" time="0.0" classname="help.HelpAndContactPageTest">
    <ignored/>
  </testcase> <!-- customerService07 -->
  <testcase name="customerService02" time="0.0" classname="help.HelpAndContactPageTest">
    <ignored/>
  </testcase> <!-- customerService02 -->
  <testcase name="customerService04" time="0.0" classname="help.HelpAndContactPageTest">
    <ignored/>
  </testcase> <!-- customerService04 -->
  <testcase name="customerService01" time="0.0" classname="help.HelpAndContactPageTest">
    <ignored/>
  </testcase> <!-- customerService01 -->
  <testcase name="customerService" time="0.0" classname="help.HelpAndContactPageTest">
    <ignored/>
  </testcase> <!-- customerService -->
</testsuite> <!-- Test -->
