<?xml version="1.0" encoding="UTF-8"?>
<testng-results skipped="0" failed="0" ignored="4" total="7" passed="3">
  <reporter-output>
    <line>
      <![CDATA[This is from group with priority 3<br>]]>
    </line>
    <line>
      <![CDATA[This is from group with priority 5<br>]]>
    </line>
    <line>
      <![CDATA[This is from group with priority 6<br>]]>
    </line>
  </reporter-output>
  <suite name="Suite" duration-ms="77" started-at="2022-11-12T11:16:01 EST" finished-at="2022-11-12T11:16:01 EST">
    <groups>
      <group name="priority">
        <method signature="HelpAndContactPageTest.customerService03()[pri:0, instance:help.HelpAndContactPageTest@4524411f]" name="customerService03" class="help.HelpAndContactPageTest"/>
        <method signature="HelpAndContactPageTest.customerService05()[pri:0, instance:help.HelpAndContactPageTest@4524411f]" name="customerService05" class="help.HelpAndContactPageTest"/>
        <method signature="HelpAndContactPageTest.customerService06()[pri:0, instance:help.HelpAndContactPageTest@4524411f]" name="customerService06" class="help.HelpAndContactPageTest"/>
      </group> <!-- priority -->
      <group name="HelpAndContact">
        <method signature="HelpAndContactPageTest.customerService03()[pri:0, instance:help.HelpAndContactPageTest@4524411f]" name="customerService03" class="help.HelpAndContactPageTest"/>
        <method signature="HelpAndContactPageTest.customerService05()[pri:0, instance:help.HelpAndContactPageTest@4524411f]" name="customerService05" class="help.HelpAndContactPageTest"/>
        <method signature="HelpAndContactPageTest.customerService06()[pri:0, instance:help.HelpAndContactPageTest@4524411f]" name="customerService06" class="help.HelpAndContactPageTest"/>
      </group> <!-- HelpAndContact -->
    </groups>
    <test name="Test" duration-ms="77" started-at="2022-11-12T11:16:01 EST" finished-at="2022-11-12T11:16:01 EST">
      <class name="help.HelpAndContactPageTest">
        <test-method status="PASS" signature="customerService03()[pri:0, instance:help.HelpAndContactPageTest@4524411f]" name="customerService03" duration-ms="33" started-at="2022-11-12T11:16:01 EST" finished-at="2022-11-12T11:16:01 EST">
          <reporter-output>
            <line>
              <![CDATA[This is from group with priority 3<br>]]>
            </line>
          </reporter-output>
        </test-method> <!-- customerService03 -->
        <test-method status="PASS" signature="customerService05()[pri:0, instance:help.HelpAndContactPageTest@4524411f]" name="customerService05" duration-ms="2" started-at="2022-11-12T11:16:01 EST" finished-at="2022-11-12T11:16:01 EST">
          <reporter-output>
            <line>
              <![CDATA[This is from group with priority 5<br>]]>
            </line>
          </reporter-output>
        </test-method> <!-- customerService05 -->
        <test-method status="PASS" signature="customerService06()[pri:0, instance:help.HelpAndContactPageTest@4524411f]" name="customerService06" duration-ms="2" started-at="2022-11-12T11:16:01 EST" finished-at="2022-11-12T11:16:01 EST">
          <reporter-output>
            <line>
              <![CDATA[This is from group with priority 6<br>]]>
            </line>
          </reporter-output>
        </test-method> <!-- customerService06 -->
      </class> <!-- help.HelpAndContactPageTest -->
    </test> <!-- Test -->
  </suite> <!-- Suite -->
</testng-results>
