<?xml version="1.0" encoding="UTF-8"?>
<testng-results skipped="0" failed="0" ignored="1" total="8" passed="7">
  <reporter-output>
    <line>
      <![CDATA[This is from group with priority 3<br>]]>
    </line>
    <line>
      <![CDATA[This is from group with no priority.<br>]]>
    </line>
    <line>
      <![CDATA[This is from group with priority 5<br>]]>
    </line>
    <line>
      <![CDATA[This is from group with priority 6<br>]]>
    </line>
    <line>
      <![CDATA[This is from group with priority 7<br>]]>
    </line>
    <line>
      <![CDATA[This is from group<br>]]>
    </line>
    <line>
      <![CDATA[This is from group with priority 2<br>]]>
    </line>
  </reporter-output>
  <suite name="Default suite" duration-ms="22965" started-at="2022-11-12T19:37:19 EST" finished-at="2022-11-12T19:37:42 EST">
    <groups>
      <group name="nopriority">
        <method signature="HelpAndContactPageTest.customerService04()[pri:0, instance:help.HelpAndContactPageTest@7276c8cd]" name="customerService04" class="help.HelpAndContactPageTest"/>
      </group> <!-- nopriority -->
      <group name="priority">
        <method signature="HelpAndContactPageTest.customerService03()[pri:0, instance:help.HelpAndContactPageTest@7276c8cd]" name="customerService03" class="help.HelpAndContactPageTest"/>
        <method signature="HelpAndContactPageTest.customerService05()[pri:0, instance:help.HelpAndContactPageTest@7276c8cd]" name="customerService05" class="help.HelpAndContactPageTest"/>
        <method signature="HelpAndContactPageTest.customerService06()[pri:0, instance:help.HelpAndContactPageTest@7276c8cd]" name="customerService06" class="help.HelpAndContactPageTest"/>
      </group> <!-- priority -->
      <group name="HelpAndContact">
        <method signature="HelpAndContactPageTest.customerService03()[pri:0, instance:help.HelpAndContactPageTest@7276c8cd]" name="customerService03" class="help.HelpAndContactPageTest"/>
        <method signature="HelpAndContactPageTest.customerService04()[pri:0, instance:help.HelpAndContactPageTest@7276c8cd]" name="customerService04" class="help.HelpAndContactPageTest"/>
        <method signature="HelpAndContactPageTest.customerService05()[pri:0, instance:help.HelpAndContactPageTest@7276c8cd]" name="customerService05" class="help.HelpAndContactPageTest"/>
        <method signature="HelpAndContactPageTest.customerService06()[pri:0, instance:help.HelpAndContactPageTest@7276c8cd]" name="customerService06" class="help.HelpAndContactPageTest"/>
      </group> <!-- HelpAndContact -->
    </groups>
    <test name="Default test" duration-ms="22965" started-at="2022-11-12T19:37:19 EST" finished-at="2022-11-12T19:37:42 EST">
      <class name="help.HelpAndContactPageTest">
        <test-method status="PASS" signature="setUp()[pri:0, instance:help.HelpAndContactPageTest@7276c8cd]" name="setUp" is-config="true" duration-ms="6389" started-at="2022-11-12T19:37:19 EST" finished-at="2022-11-12T19:37:25 EST">
          <reporter-output>
          </reporter-output>
        </test-method> <!-- setUp -->
        <test-method status="PASS" signature="customerService03()[pri:0, instance:help.HelpAndContactPageTest@7276c8cd]" name="customerService03" duration-ms="5" started-at="2022-11-12T19:37:25 EST" finished-at="2022-11-12T19:37:25 EST">
          <reporter-output>
            <line>
              <![CDATA[This is from group with priority 3<br>]]>
            </line>
          </reporter-output>
        </test-method> <!-- customerService03 -->
        <test-method status="PASS" signature="tearDown()[pri:0, instance:help.HelpAndContactPageTest@7276c8cd]" name="tearDown" is-config="true" duration-ms="156" started-at="2022-11-12T19:37:25 EST" finished-at="2022-11-12T19:37:25 EST">
          <reporter-output>
          </reporter-output>
        </test-method> <!-- tearDown -->
        <test-method status="PASS" signature="setUp()[pri:0, instance:help.HelpAndContactPageTest@7276c8cd]" name="setUp" is-config="true" duration-ms="2557" started-at="2022-11-12T19:37:25 EST" finished-at="2022-11-12T19:37:28 EST">
          <reporter-output>
          </reporter-output>
        </test-method> <!-- setUp -->
        <test-method status="PASS" signature="customerService04()[pri:0, instance:help.HelpAndContactPageTest@7276c8cd]" name="customerService04" duration-ms="1" started-at="2022-11-12T19:37:28 EST" finished-at="2022-11-12T19:37:28 EST">
          <reporter-output>
            <line>
              <![CDATA[This is from group with no priority.<br>]]>
            </line>
          </reporter-output>
        </test-method> <!-- customerService04 -->
        <test-method status="PASS" signature="tearDown()[pri:0, instance:help.HelpAndContactPageTest@7276c8cd]" name="tearDown" is-config="true" duration-ms="132" started-at="2022-11-12T19:37:28 EST" finished-at="2022-11-12T19:37:28 EST">
          <reporter-output>
          </reporter-output>
        </test-method> <!-- tearDown -->
        <test-method status="PASS" signature="setUp()[pri:0, instance:help.HelpAndContactPageTest@7276c8cd]" name="setUp" is-config="true" duration-ms="2612" started-at="2022-11-12T19:37:28 EST" finished-at="2022-11-12T19:37:31 EST">
          <reporter-output>
          </reporter-output>
        </test-method> <!-- setUp -->
        <test-method status="PASS" signature="customerService05()[pri:0, instance:help.HelpAndContactPageTest@7276c8cd]" name="customerService05" duration-ms="2" started-at="2022-11-12T19:37:31 EST" finished-at="2022-11-12T19:37:31 EST">
          <reporter-output>
            <line>
              <![CDATA[This is from group with priority 5<br>]]>
            </line>
          </reporter-output>
        </test-method> <!-- customerService05 -->
        <test-method status="PASS" signature="tearDown()[pri:0, instance:help.HelpAndContactPageTest@7276c8cd]" name="tearDown" is-config="true" duration-ms="133" started-at="2022-11-12T19:37:31 EST" finished-at="2022-11-12T19:37:31 EST">
          <reporter-output>
          </reporter-output>
        </test-method> <!-- tearDown -->
        <test-method status="PASS" signature="setUp()[pri:0, instance:help.HelpAndContactPageTest@7276c8cd]" name="setUp" is-config="true" duration-ms="2562" started-at="2022-11-12T19:37:31 EST" finished-at="2022-11-12T19:37:33 EST">
          <reporter-output>
          </reporter-output>
        </test-method> <!-- setUp -->
        <test-method status="PASS" signature="customerService06()[pri:0, instance:help.HelpAndContactPageTest@7276c8cd]" name="customerService06" duration-ms="2" started-at="2022-11-12T19:37:33 EST" finished-at="2022-11-12T19:37:33 EST">
          <reporter-output>
            <line>
              <![CDATA[This is from group with priority 6<br>]]>
            </line>
          </reporter-output>
        </test-method> <!-- customerService06 -->
        <test-method status="PASS" signature="tearDown()[pri:0, instance:help.HelpAndContactPageTest@7276c8cd]" name="tearDown" is-config="true" duration-ms="127" started-at="2022-11-12T19:37:33 EST" finished-at="2022-11-12T19:37:33 EST">
          <reporter-output>
          </reporter-output>
        </test-method> <!-- tearDown -->
        <test-method status="PASS" signature="setUp()[pri:0, instance:help.HelpAndContactPageTest@7276c8cd]" name="setUp" is-config="true" duration-ms="2782" started-at="2022-11-12T19:37:33 EST" finished-at="2022-11-12T19:37:36 EST">
          <reporter-output>
          </reporter-output>
        </test-method> <!-- setUp -->
        <test-method status="PASS" signature="customerService07()[pri:0, instance:help.HelpAndContactPageTest@7276c8cd]" name="customerService07" duration-ms="2" started-at="2022-11-12T19:37:36 EST" finished-at="2022-11-12T19:37:36 EST">
          <reporter-output>
            <line>
              <![CDATA[This is from group with priority 7<br>]]>
            </line>
          </reporter-output>
        </test-method> <!-- customerService07 -->
        <test-method status="PASS" signature="tearDown()[pri:0, instance:help.HelpAndContactPageTest@7276c8cd]" name="tearDown" is-config="true" duration-ms="147" started-at="2022-11-12T19:37:36 EST" finished-at="2022-11-12T19:37:36 EST">
          <reporter-output>
          </reporter-output>
        </test-method> <!-- tearDown -->
        <test-method status="PASS" signature="setUp()[pri:0, instance:help.HelpAndContactPageTest@7276c8cd]" name="setUp" is-config="true" duration-ms="2521" started-at="2022-11-12T19:37:36 EST" finished-at="2022-11-12T19:37:39 EST">
          <reporter-output>
          </reporter-output>
        </test-method> <!-- setUp -->
        <test-method status="PASS" signature="customerService01()[pri:1, instance:help.HelpAndContactPageTest@7276c8cd]" name="customerService01" duration-ms="2" started-at="2022-11-12T19:37:39 EST" finished-at="2022-11-12T19:37:39 EST">
          <reporter-output>
            <line>
              <![CDATA[This is from group<br>]]>
            </line>
          </reporter-output>
        </test-method> <!-- customerService01 -->
        <test-method status="PASS" signature="tearDown()[pri:0, instance:help.HelpAndContactPageTest@7276c8cd]" name="tearDown" is-config="true" duration-ms="129" started-at="2022-11-12T19:37:39 EST" finished-at="2022-11-12T19:37:39 EST">
          <reporter-output>
          </reporter-output>
        </test-method> <!-- tearDown -->
        <test-method status="PASS" signature="setUp()[pri:0, instance:help.HelpAndContactPageTest@7276c8cd]" name="setUp" is-config="true" duration-ms="2515" started-at="2022-11-12T19:37:39 EST" finished-at="2022-11-12T19:37:42 EST">
          <reporter-output>
          </reporter-output>
        </test-method> <!-- setUp -->
        <test-method status="PASS" signature="customerService02()[pri:2, instance:help.HelpAndContactPageTest@7276c8cd]" name="customerService02" duration-ms="2" started-at="2022-11-12T19:37:42 EST" depends-on-methods="help.HelpAndContactPageTest.customerService01" finished-at="2022-11-12T19:37:42 EST">
          <reporter-output>
            <line>
              <![CDATA[This is from group with priority 2<br>]]>
            </line>
          </reporter-output>
        </test-method> <!-- customerService02 -->
        <test-method status="PASS" signature="tearDown()[pri:0, instance:help.HelpAndContactPageTest@7276c8cd]" name="tearDown" is-config="true" duration-ms="130" started-at="2022-11-12T19:37:42 EST" finished-at="2022-11-12T19:37:42 EST">
          <reporter-output>
          </reporter-output>
        </test-method> <!-- tearDown -->
      </class> <!-- help.HelpAndContactPageTest -->
    </test> <!-- Default test -->
  </suite> <!-- Default suite -->
</testng-results>
